[debug] [2024-01-21T13:37:55.066Z] ----------------------------------------------------------------------
[debug] [2024-01-21T13:37:55.068Z] Command:       C:\Program Files\nodejs\node.exe C:\Users\AMcom\AppData\Roaming\npm\node_modules\firebase-tools\lib\bin\firebase.js init
[debug] [2024-01-21T13:37:55.068Z] CLI Version:   13.0.2
[debug] [2024-01-21T13:37:55.069Z] Platform:      win32
[debug] [2024-01-21T13:37:55.069Z] Node Version:  v20.10.0
[debug] [2024-01-21T13:37:55.069Z] Time:          Sun Jan 21 2024 10:37:55 GMT-0300 (Horário Padrão de Brasília)
[debug] [2024-01-21T13:37:55.069Z] ----------------------------------------------------------------------
[debug] 
[debug] [2024-01-21T13:37:55.072Z] >>> [apiv2][query] GET https://firebase-public.firebaseio.com/cli.json [none]
[debug] [2024-01-21T13:37:55.118Z] > command requires scopes: ["email","openid","https://www.googleapis.com/auth/cloudplatformprojects.readonly","https://www.googleapis.com/auth/firebase","https://www.googleapis.com/auth/cloud-platform"]
[debug] [2024-01-21T13:37:55.118Z] > authorizing via signed-in user (alvarojfjunior@gmail.com)
[info] 
     ######## #### ########  ######## ########     ###     ######  ########
     ##        ##  ##     ## ##       ##     ##  ##   ##  ##       ##
     ######    ##  ########  ######   ########  #########  ######  ######
     ##        ##  ##    ##  ##       ##     ## ##     ##       ## ##
     ##       #### ##     ## ######## ########  ##     ##  ######  ########

You're about to initialize a Firebase project in this directory:

  C:\dev\flash-vocab

Before we get started, keep in mind:

  * You are currently outside your home directory

[debug] [2024-01-21T13:37:55.613Z] <<< [apiv2][status] GET https://firebase-public.firebaseio.com/cli.json 200
[debug] [2024-01-21T13:37:55.614Z] <<< [apiv2][body] GET https://firebase-public.firebaseio.com/cli.json {"cloudBuildErrorAfter":1594252800000,"cloudBuildWarnAfter":1590019200000,"defaultNode10After":1594252800000,"minVersion":"3.0.5","node8DeploysDisabledAfter":1613390400000,"node8RuntimeDisabledAfter":1615809600000,"node8WarnAfter":1600128000000}
